CRITICAL - 2023-12-06 07:07:47 --> Undefined variable $userData
in APPPATH/Views/navbar.php on line 61.
 1 APPPATH/Views/navbar.php(61): CodeIgniter\Debug\Exceptions->errorHandler(2, 'Undefined variable $userData', '/Users/dylanrollins/Documents/GitHub/CSCE-310-TAMUCC-Student-Tracking-and-Reporting-Tool/app/Views/navbar.php', 61)
 2 SYSTEMPATH/View/View.php(228): include('/Users/dylanrollins/Documents/GitHub/CSCE-310-TAMUCC-Student-Tracking-and-Reporting-Tool/app/Views/navbar.php')
 3 SYSTEMPATH/View/View.php(231): CodeIgniter\View\View->CodeIgniter\View\{closure}()
 4 SYSTEMPATH/View/View.php(469): CodeIgniter\View\View->render('navbar', null, true)
 5 APPPATH/Views/view_update_profile.php(12): CodeIgniter\View\View->include('navbar')
 6 SYSTEMPATH/View/View.php(228): include('/Users/dylanrollins/Documents/GitHub/CSCE-310-TAMUCC-Student-Tracking-and-Reporting-Tool/app/Views/view_update_profile.php')
 7 SYSTEMPATH/View/View.php(231): CodeIgniter\View\View->CodeIgniter\View\{closure}()
 8 SYSTEMPATH/Common.php(1190): CodeIgniter\View\View->render('view_update_profile', [], true)
 9 APPPATH/Controllers/ProgressSearchController.php(44): view('view_update_profile')
10 SYSTEMPATH/CodeIgniter.php(942): App\Controllers\ProgressSearchController->mainProgressPage()
11 SYSTEMPATH/CodeIgniter.php(502): CodeIgniter\CodeIgniter->runController(Object(App\Controllers\ProgressSearchController))
12 SYSTEMPATH/CodeIgniter.php(361): CodeIgniter\CodeIgniter->handleRequest(null, Object(Config\Cache), false)
13 FCPATH/index.php(79): CodeIgniter\CodeIgniter->run()
14 SYSTEMPATH/Commands/Server/rewrite.php(47): require_once('/Users/dylanrollins/Documents/GitHub/CSCE-310-TAMUCC-Student-Tracking-and-Reporting-Tool/public/index.php')
CRITICAL - 2023-12-06 07:08:04 --> Undefined variable $userData
in APPPATH/Views/navbar.php on line 61.
 1 APPPATH/Views/navbar.php(61): CodeIgniter\Debug\Exceptions->errorHandler(2, 'Undefined variable $userData', '/Users/dylanrollins/Documents/GitHub/CSCE-310-TAMUCC-Student-Tracking-and-Reporting-Tool/app/Views/navbar.php', 61)
 2 SYSTEMPATH/View/View.php(228): include('/Users/dylanrollins/Documents/GitHub/CSCE-310-TAMUCC-Student-Tracking-and-Reporting-Tool/app/Views/navbar.php')
 3 SYSTEMPATH/View/View.php(231): CodeIgniter\View\View->CodeIgniter\View\{closure}()
 4 SYSTEMPATH/View/View.php(469): CodeIgniter\View\View->render('navbar', null, true)
 5 APPPATH/Views/view_update_profile.php(12): CodeIgniter\View\View->include('navbar')
 6 SYSTEMPATH/View/View.php(228): include('/Users/dylanrollins/Documents/GitHub/CSCE-310-TAMUCC-Student-Tracking-and-Reporting-Tool/app/Views/view_update_profile.php')
 7 SYSTEMPATH/View/View.php(231): CodeIgniter\View\View->CodeIgniter\View\{closure}()
 8 SYSTEMPATH/Common.php(1190): CodeIgniter\View\View->render('view_update_profile', [], true)
 9 APPPATH/Controllers/ProgressSearchController.php(41): view('view_update_profile')
10 SYSTEMPATH/CodeIgniter.php(942): App\Controllers\ProgressSearchController->mainProgressPage()
11 SYSTEMPATH/CodeIgniter.php(502): CodeIgniter\CodeIgniter->runController(Object(App\Controllers\ProgressSearchController))
12 SYSTEMPATH/CodeIgniter.php(361): CodeIgniter\CodeIgniter->handleRequest(null, Object(Config\Cache), false)
13 FCPATH/index.php(79): CodeIgniter\CodeIgniter->run()
14 SYSTEMPATH/Commands/Server/rewrite.php(47): require_once('/Users/dylanrollins/Documents/GitHub/CSCE-310-TAMUCC-Student-Tracking-and-Reporting-Tool/public/index.php')
CRITICAL - 2023-12-06 07:09:17 --> Undefined variable $userData
in APPPATH/Views/navbar.php on line 61.
 1 APPPATH/Views/navbar.php(61): CodeIgniter\Debug\Exceptions->errorHandler(2, 'Undefined variable $userData', '/Users/dylanrollins/Documents/GitHub/CSCE-310-TAMUCC-Student-Tracking-and-Reporting-Tool/app/Views/navbar.php', 61)
 2 SYSTEMPATH/View/View.php(228): include('/Users/dylanrollins/Documents/GitHub/CSCE-310-TAMUCC-Student-Tracking-and-Reporting-Tool/app/Views/navbar.php')
 3 SYSTEMPATH/View/View.php(231): CodeIgniter\View\View->CodeIgniter\View\{closure}()
 4 SYSTEMPATH/View/View.php(469): CodeIgniter\View\View->render('navbar', null, true)
 5 APPPATH/Views/view_update_profile.php(12): CodeIgniter\View\View->include('navbar')
 6 SYSTEMPATH/View/View.php(228): include('/Users/dylanrollins/Documents/GitHub/CSCE-310-TAMUCC-Student-Tracking-and-Reporting-Tool/app/Views/view_update_profile.php')
 7 SYSTEMPATH/View/View.php(231): CodeIgniter\View\View->CodeIgniter\View\{closure}()
 8 SYSTEMPATH/Common.php(1190): CodeIgniter\View\View->render('view_update_profile', [], true)
 9 APPPATH/Controllers/ProgressSearchController.php(44): view('view_update_profile')
10 SYSTEMPATH/CodeIgniter.php(942): App\Controllers\ProgressSearchController->mainProgressPage()
11 SYSTEMPATH/CodeIgniter.php(502): CodeIgniter\CodeIgniter->runController(Object(App\Controllers\ProgressSearchController))
12 SYSTEMPATH/CodeIgniter.php(361): CodeIgniter\CodeIgniter->handleRequest(null, Object(Config\Cache), false)
13 FCPATH/index.php(79): CodeIgniter\CodeIgniter->run()
14 SYSTEMPATH/Commands/Server/rewrite.php(47): require_once('/Users/dylanrollins/Documents/GitHub/CSCE-310-TAMUCC-Student-Tracking-and-Reporting-Tool/public/index.php')
CRITICAL - 2023-12-06 07:09:42 --> Undefined variable $userData
in APPPATH/Views/navbar.php on line 61.
 1 APPPATH/Views/navbar.php(61): CodeIgniter\Debug\Exceptions->errorHandler(2, 'Undefined variable $userData', '/Users/dylanrollins/Documents/GitHub/CSCE-310-TAMUCC-Student-Tracking-and-Reporting-Tool/app/Views/navbar.php', 61)
 2 SYSTEMPATH/View/View.php(228): include('/Users/dylanrollins/Documents/GitHub/CSCE-310-TAMUCC-Student-Tracking-and-Reporting-Tool/app/Views/navbar.php')
 3 SYSTEMPATH/View/View.php(231): CodeIgniter\View\View->CodeIgniter\View\{closure}()
 4 SYSTEMPATH/View/View.php(469): CodeIgniter\View\View->render('navbar', null, true)
 5 APPPATH/Views/Progress_Search.php(12): CodeIgniter\View\View->include('navbar')
 6 SYSTEMPATH/View/View.php(228): include('/Users/dylanrollins/Documents/GitHub/CSCE-310-TAMUCC-Student-Tracking-and-Reporting-Tool/app/Views/Progress_Search.php')
 7 SYSTEMPATH/View/View.php(231): CodeIgniter\View\View->CodeIgniter\View\{closure}()
 8 SYSTEMPATH/Common.php(1190): CodeIgniter\View\View->render('Progress_Search', [], true)
 9 APPPATH/Controllers/ProgressSearchController.php(44): view('Progress_Search')
10 SYSTEMPATH/CodeIgniter.php(942): App\Controllers\ProgressSearchController->mainProgressPage()
11 SYSTEMPATH/CodeIgniter.php(502): CodeIgniter\CodeIgniter->runController(Object(App\Controllers\ProgressSearchController))
12 SYSTEMPATH/CodeIgniter.php(361): CodeIgniter\CodeIgniter->handleRequest(null, Object(Config\Cache), false)
13 FCPATH/index.php(79): CodeIgniter\CodeIgniter->run()
14 SYSTEMPATH/Commands/Server/rewrite.php(47): require_once('/Users/dylanrollins/Documents/GitHub/CSCE-310-TAMUCC-Student-Tracking-and-Reporting-Tool/public/index.php')
CRITICAL - 2023-12-06 07:09:45 --> Undefined variable $userData
in APPPATH/Views/navbar.php on line 61.
 1 APPPATH/Views/navbar.php(61): CodeIgniter\Debug\Exceptions->errorHandler(2, 'Undefined variable $userData', '/Users/dylanrollins/Documents/GitHub/CSCE-310-TAMUCC-Student-Tracking-and-Reporting-Tool/app/Views/navbar.php', 61)
 2 SYSTEMPATH/View/View.php(228): include('/Users/dylanrollins/Documents/GitHub/CSCE-310-TAMUCC-Student-Tracking-and-Reporting-Tool/app/Views/navbar.php')
 3 SYSTEMPATH/View/View.php(231): CodeIgniter\View\View->CodeIgniter\View\{closure}()
 4 SYSTEMPATH/View/View.php(469): CodeIgniter\View\View->render('navbar', null, true)
 5 APPPATH/Views/Progress_Search.php(12): CodeIgniter\View\View->include('navbar')
 6 SYSTEMPATH/View/View.php(228): include('/Users/dylanrollins/Documents/GitHub/CSCE-310-TAMUCC-Student-Tracking-and-Reporting-Tool/app/Views/Progress_Search.php')
 7 SYSTEMPATH/View/View.php(231): CodeIgniter\View\View->CodeIgniter\View\{closure}()
 8 SYSTEMPATH/Common.php(1190): CodeIgniter\View\View->render('Progress_Search', [], true)
 9 APPPATH/Controllers/ProgressSearchController.php(44): view('Progress_Search')
10 SYSTEMPATH/CodeIgniter.php(942): App\Controllers\ProgressSearchController->mainProgressPage()
11 SYSTEMPATH/CodeIgniter.php(502): CodeIgniter\CodeIgniter->runController(Object(App\Controllers\ProgressSearchController))
12 SYSTEMPATH/CodeIgniter.php(361): CodeIgniter\CodeIgniter->handleRequest(null, Object(Config\Cache), false)
13 FCPATH/index.php(79): CodeIgniter\CodeIgniter->run()
14 SYSTEMPATH/Commands/Server/rewrite.php(47): require_once('/Users/dylanrollins/Documents/GitHub/CSCE-310-TAMUCC-Student-Tracking-and-Reporting-Tool/public/index.php')
CRITICAL - 2023-12-06 07:11:06 --> Undefined variable $userData
in APPPATH/Views/navbar.php on line 61.
 1 APPPATH/Views/navbar.php(61): CodeIgniter\Debug\Exceptions->errorHandler(2, 'Undefined variable $userData', '/Users/dylanrollins/Documents/GitHub/CSCE-310-TAMUCC-Student-Tracking-and-Reporting-Tool/app/Views/navbar.php', 61)
 2 SYSTEMPATH/View/View.php(228): include('/Users/dylanrollins/Documents/GitHub/CSCE-310-TAMUCC-Student-Tracking-and-Reporting-Tool/app/Views/navbar.php')
 3 SYSTEMPATH/View/View.php(231): CodeIgniter\View\View->CodeIgniter\View\{closure}()
 4 SYSTEMPATH/View/View.php(469): CodeIgniter\View\View->render('navbar', null, true)
 5 APPPATH/Views/Progress_Search.php(12): CodeIgniter\View\View->include('navbar')
 6 SYSTEMPATH/View/View.php(228): include('/Users/dylanrollins/Documents/GitHub/CSCE-310-TAMUCC-Student-Tracking-and-Reporting-Tool/app/Views/Progress_Search.php')
 7 SYSTEMPATH/View/View.php(231): CodeIgniter\View\View->CodeIgniter\View\{closure}()
 8 SYSTEMPATH/Common.php(1190): CodeIgniter\View\View->render('Progress_Search', [], true)
 9 APPPATH/Controllers/ProgressSearchController.php(44): view('Progress_Search')
10 SYSTEMPATH/CodeIgniter.php(942): App\Controllers\ProgressSearchController->mainProgressPage()
11 SYSTEMPATH/CodeIgniter.php(502): CodeIgniter\CodeIgniter->runController(Object(App\Controllers\ProgressSearchController))
12 SYSTEMPATH/CodeIgniter.php(361): CodeIgniter\CodeIgniter->handleRequest(null, Object(Config\Cache), false)
13 FCPATH/index.php(79): CodeIgniter\CodeIgniter->run()
14 SYSTEMPATH/Commands/Server/rewrite.php(47): require_once('/Users/dylanrollins/Documents/GitHub/CSCE-310-TAMUCC-Student-Tracking-and-Reporting-Tool/public/index.php')
CRITICAL - 2023-12-06 19:54:17 --> Undefined variable $userData
in APPPATH/Views/navbar.php on line 61.
 1 APPPATH/Views/navbar.php(61): CodeIgniter\Debug\Exceptions->errorHandler(2, 'Undefined variable $userData', '/Users/dylanrollins/Documents/GitHub/CSCE-310-TAMUCC-Student-Tracking-and-Reporting-Tool/app/Views/navbar.php', 61)
 2 SYSTEMPATH/View/View.php(228): include('/Users/dylanrollins/Documents/GitHub/CSCE-310-TAMUCC-Student-Tracking-and-Reporting-Tool/app/Views/navbar.php')
 3 SYSTEMPATH/View/View.php(231): CodeIgniter\View\View->CodeIgniter\View\{closure}()
 4 SYSTEMPATH/View/View.php(469): CodeIgniter\View\View->render('navbar', null, true)
 5 APPPATH/Views/Progress_Search.php(12): CodeIgniter\View\View->include('navbar')
 6 SYSTEMPATH/View/View.php(228): include('/Users/dylanrollins/Documents/GitHub/CSCE-310-TAMUCC-Student-Tracking-and-Reporting-Tool/app/Views/Progress_Search.php')
 7 SYSTEMPATH/View/View.php(231): CodeIgniter\View\View->CodeIgniter\View\{closure}()
 8 SYSTEMPATH/Common.php(1190): CodeIgniter\View\View->render('Progress_Search', [], true)
 9 APPPATH/Controllers/ProgressSearchController.php(44): view('Progress_Search')
10 SYSTEMPATH/CodeIgniter.php(942): App\Controllers\ProgressSearchController->mainProgressPage()
11 SYSTEMPATH/CodeIgniter.php(502): CodeIgniter\CodeIgniter->runController(Object(App\Controllers\ProgressSearchController))
12 SYSTEMPATH/CodeIgniter.php(361): CodeIgniter\CodeIgniter->handleRequest(null, Object(Config\Cache), false)
13 FCPATH/index.php(79): CodeIgniter\CodeIgniter->run()
14 SYSTEMPATH/Commands/Server/rewrite.php(47): require_once('/Users/dylanrollins/Documents/GitHub/CSCE-310-TAMUCC-Student-Tracking-and-Reporting-Tool/public/index.php')
CRITICAL - 2023-12-06 19:58:15 --> Undefined variable $userData
in APPPATH/Views/navbar.php on line 61.
 1 APPPATH/Views/navbar.php(61): CodeIgniter\Debug\Exceptions->errorHandler(2, 'Undefined variable $userData', '/Users/dylanrollins/Documents/GitHub/CSCE-310-TAMUCC-Student-Tracking-and-Reporting-Tool/app/Views/navbar.php', 61)
 2 SYSTEMPATH/View/View.php(228): include('/Users/dylanrollins/Documents/GitHub/CSCE-310-TAMUCC-Student-Tracking-and-Reporting-Tool/app/Views/navbar.php')
 3 SYSTEMPATH/View/View.php(231): CodeIgniter\View\View->CodeIgniter\View\{closure}()
 4 SYSTEMPATH/View/View.php(469): CodeIgniter\View\View->render('navbar', null, true)
 5 APPPATH/Views/Progress_Search.php(12): CodeIgniter\View\View->include('navbar')
 6 SYSTEMPATH/View/View.php(228): include('/Users/dylanrollins/Documents/GitHub/CSCE-310-TAMUCC-Student-Tracking-and-Reporting-Tool/app/Views/Progress_Search.php')
 7 SYSTEMPATH/View/View.php(231): CodeIgniter\View\View->CodeIgniter\View\{closure}()
 8 SYSTEMPATH/Common.php(1190): CodeIgniter\View\View->render('Progress_Search', [], true)
 9 APPPATH/Controllers/ProgressSearchController.php(44): view('Progress_Search')
10 SYSTEMPATH/CodeIgniter.php(942): App\Controllers\ProgressSearchController->mainProgressPage()
11 SYSTEMPATH/CodeIgniter.php(502): CodeIgniter\CodeIgniter->runController(Object(App\Controllers\ProgressSearchController))
12 SYSTEMPATH/CodeIgniter.php(361): CodeIgniter\CodeIgniter->handleRequest(null, Object(Config\Cache), false)
13 FCPATH/index.php(79): CodeIgniter\CodeIgniter->run()
14 SYSTEMPATH/Commands/Server/rewrite.php(47): require_once('/Users/dylanrollins/Documents/GitHub/CSCE-310-TAMUCC-Student-Tracking-and-Reporting-Tool/public/index.php')
CRITICAL - 2023-12-06 19:58:41 --> Undefined variable $userData
in APPPATH/Views/navbar.php on line 61.
 1 APPPATH/Views/navbar.php(61): CodeIgniter\Debug\Exceptions->errorHandler(2, 'Undefined variable $userData', '/Users/dylanrollins/Documents/GitHub/CSCE-310-TAMUCC-Student-Tracking-and-Reporting-Tool/app/Views/navbar.php', 61)
 2 SYSTEMPATH/View/View.php(228): include('/Users/dylanrollins/Documents/GitHub/CSCE-310-TAMUCC-Student-Tracking-and-Reporting-Tool/app/Views/navbar.php')
 3 SYSTEMPATH/View/View.php(231): CodeIgniter\View\View->CodeIgniter\View\{closure}()
 4 SYSTEMPATH/View/View.php(469): CodeIgniter\View\View->render('navbar', null, true)
 5 APPPATH/Views/Progress_Search.php(12): CodeIgniter\View\View->include('navbar')
 6 SYSTEMPATH/View/View.php(228): include('/Users/dylanrollins/Documents/GitHub/CSCE-310-TAMUCC-Student-Tracking-and-Reporting-Tool/app/Views/Progress_Search.php')
 7 SYSTEMPATH/View/View.php(231): CodeIgniter\View\View->CodeIgniter\View\{closure}()
 8 SYSTEMPATH/Common.php(1190): CodeIgniter\View\View->render('Progress_Search', [], true)
 9 APPPATH/Controllers/ProgressSearchController.php(44): view('Progress_Search')
10 SYSTEMPATH/CodeIgniter.php(942): App\Controllers\ProgressSearchController->mainProgressPage()
11 SYSTEMPATH/CodeIgniter.php(502): CodeIgniter\CodeIgniter->runController(Object(App\Controllers\ProgressSearchController))
12 SYSTEMPATH/CodeIgniter.php(361): CodeIgniter\CodeIgniter->handleRequest(null, Object(Config\Cache), false)
13 FCPATH/index.php(79): CodeIgniter\CodeIgniter->run()
14 SYSTEMPATH/Commands/Server/rewrite.php(47): require_once('/Users/dylanrollins/Documents/GitHub/CSCE-310-TAMUCC-Student-Tracking-and-Reporting-Tool/public/index.php')
CRITICAL - 2023-12-06 19:59:06 --> Undefined variable $userData
in APPPATH/Views/navbar.php on line 61.
 1 APPPATH/Views/navbar.php(61): CodeIgniter\Debug\Exceptions->errorHandler(2, 'Undefined variable $userData', '/Users/dylanrollins/Documents/GitHub/CSCE-310-TAMUCC-Student-Tracking-and-Reporting-Tool/app/Views/navbar.php', 61)
 2 SYSTEMPATH/View/View.php(228): include('/Users/dylanrollins/Documents/GitHub/CSCE-310-TAMUCC-Student-Tracking-and-Reporting-Tool/app/Views/navbar.php')
 3 SYSTEMPATH/View/View.php(231): CodeIgniter\View\View->CodeIgniter\View\{closure}()
 4 SYSTEMPATH/View/View.php(469): CodeIgniter\View\View->render('navbar', null, true)
 5 APPPATH/Views/Progress_Search.php(12): CodeIgniter\View\View->include('navbar')
 6 SYSTEMPATH/View/View.php(228): include('/Users/dylanrollins/Documents/GitHub/CSCE-310-TAMUCC-Student-Tracking-and-Reporting-Tool/app/Views/Progress_Search.php')
 7 SYSTEMPATH/View/View.php(231): CodeIgniter\View\View->CodeIgniter\View\{closure}()
 8 SYSTEMPATH/Common.php(1190): CodeIgniter\View\View->render('Progress_Search', [], true)
 9 APPPATH/Controllers/ProgressSearchController.php(44): view('Progress_Search')
10 SYSTEMPATH/CodeIgniter.php(942): App\Controllers\ProgressSearchController->mainProgressPage()
11 SYSTEMPATH/CodeIgniter.php(502): CodeIgniter\CodeIgniter->runController(Object(App\Controllers\ProgressSearchController))
12 SYSTEMPATH/CodeIgniter.php(361): CodeIgniter\CodeIgniter->handleRequest(null, Object(Config\Cache), false)
13 FCPATH/index.php(79): CodeIgniter\CodeIgniter->run()
14 SYSTEMPATH/Commands/Server/rewrite.php(47): require_once('/Users/dylanrollins/Documents/GitHub/CSCE-310-TAMUCC-Student-Tracking-and-Reporting-Tool/public/index.php')
CRITICAL - 2023-12-06 20:00:56 --> Undefined variable $userData
in APPPATH/Views/navbar.php on line 61.
 1 APPPATH/Views/navbar.php(61): CodeIgniter\Debug\Exceptions->errorHandler(2, 'Undefined variable $userData', '/Users/dylanrollins/Documents/GitHub/CSCE-310-TAMUCC-Student-Tracking-and-Reporting-Tool/app/Views/navbar.php', 61)
 2 SYSTEMPATH/View/View.php(228): include('/Users/dylanrollins/Documents/GitHub/CSCE-310-TAMUCC-Student-Tracking-and-Reporting-Tool/app/Views/navbar.php')
 3 SYSTEMPATH/View/View.php(231): CodeIgniter\View\View->CodeIgniter\View\{closure}()
 4 SYSTEMPATH/View/View.php(469): CodeIgniter\View\View->render('navbar', null, true)
 5 APPPATH/Views/Progress_Search.php(12): CodeIgniter\View\View->include('navbar')
 6 SYSTEMPATH/View/View.php(228): include('/Users/dylanrollins/Documents/GitHub/CSCE-310-TAMUCC-Student-Tracking-and-Reporting-Tool/app/Views/Progress_Search.php')
 7 SYSTEMPATH/View/View.php(231): CodeIgniter\View\View->CodeIgniter\View\{closure}()
 8 SYSTEMPATH/Common.php(1190): CodeIgniter\View\View->render('Progress_Search', [], true)
 9 APPPATH/Controllers/ProgressSearchController.php(44): view('Progress_Search')
10 SYSTEMPATH/CodeIgniter.php(942): App\Controllers\ProgressSearchController->mainProgressPage()
11 SYSTEMPATH/CodeIgniter.php(502): CodeIgniter\CodeIgniter->runController(Object(App\Controllers\ProgressSearchController))
12 SYSTEMPATH/CodeIgniter.php(361): CodeIgniter\CodeIgniter->handleRequest(null, Object(Config\Cache), false)
13 FCPATH/index.php(79): CodeIgniter\CodeIgniter->run()
14 SYSTEMPATH/Commands/Server/rewrite.php(47): require_once('/Users/dylanrollins/Documents/GitHub/CSCE-310-TAMUCC-Student-Tracking-and-Reporting-Tool/public/index.php')
CRITICAL - 2023-12-06 20:01:58 --> Undefined variable $userData
in APPPATH/Views/navbar.php on line 61.
 1 APPPATH/Views/navbar.php(61): CodeIgniter\Debug\Exceptions->errorHandler(2, 'Undefined variable $userData', '/Users/dylanrollins/Documents/GitHub/CSCE-310-TAMUCC-Student-Tracking-and-Reporting-Tool/app/Views/navbar.php', 61)
 2 SYSTEMPATH/View/View.php(228): include('/Users/dylanrollins/Documents/GitHub/CSCE-310-TAMUCC-Student-Tracking-and-Reporting-Tool/app/Views/navbar.php')
 3 SYSTEMPATH/View/View.php(231): CodeIgniter\View\View->CodeIgniter\View\{closure}()
 4 SYSTEMPATH/View/View.php(469): CodeIgniter\View\View->render('navbar', null, true)
 5 APPPATH/Views/Progress_Search.php(12): CodeIgniter\View\View->include('navbar')
 6 SYSTEMPATH/View/View.php(228): include('/Users/dylanrollins/Documents/GitHub/CSCE-310-TAMUCC-Student-Tracking-and-Reporting-Tool/app/Views/Progress_Search.php')
 7 SYSTEMPATH/View/View.php(231): CodeIgniter\View\View->CodeIgniter\View\{closure}()
 8 SYSTEMPATH/Common.php(1190): CodeIgniter\View\View->render('Progress_Search', [], true)
 9 APPPATH/Controllers/ProgressSearchController.php(44): view('Progress_Search')
10 SYSTEMPATH/CodeIgniter.php(942): App\Controllers\ProgressSearchController->mainProgressPage()
11 SYSTEMPATH/CodeIgniter.php(502): CodeIgniter\CodeIgniter->runController(Object(App\Controllers\ProgressSearchController))
12 SYSTEMPATH/CodeIgniter.php(361): CodeIgniter\CodeIgniter->handleRequest(null, Object(Config\Cache), false)
13 FCPATH/index.php(79): CodeIgniter\CodeIgniter->run()
14 SYSTEMPATH/Commands/Server/rewrite.php(47): require_once('/Users/dylanrollins/Documents/GitHub/CSCE-310-TAMUCC-Student-Tracking-and-Reporting-Tool/public/index.php')
CRITICAL - 2023-12-06 22:37:10 --> Undefined variable $userData
in APPPATH/Views/navbar.php on line 61.
 1 APPPATH/Views/navbar.php(61): CodeIgniter\Debug\Exceptions->errorHandler(2, 'Undefined variable $userData', '/Users/dylanrollins/Documents/GitHub/CSCE-310-TAMUCC-Student-Tracking-and-Reporting-Tool/app/Views/navbar.php', 61)
 2 SYSTEMPATH/View/View.php(228): include('/Users/dylanrollins/Documents/GitHub/CSCE-310-TAMUCC-Student-Tracking-and-Reporting-Tool/app/Views/navbar.php')
 3 SYSTEMPATH/View/View.php(231): CodeIgniter\View\View->CodeIgniter\View\{closure}()
 4 SYSTEMPATH/View/View.php(469): CodeIgniter\View\View->render('navbar', null, true)
 5 APPPATH/Views/Progress_Search.php(12): CodeIgniter\View\View->include('navbar')
 6 SYSTEMPATH/View/View.php(228): include('/Users/dylanrollins/Documents/GitHub/CSCE-310-TAMUCC-Student-Tracking-and-Reporting-Tool/app/Views/Progress_Search.php')
 7 SYSTEMPATH/View/View.php(231): CodeIgniter\View\View->CodeIgniter\View\{closure}()
 8 SYSTEMPATH/Common.php(1190): CodeIgniter\View\View->render('Progress_Search', [], true)
 9 APPPATH/Controllers/ProgressSearchController.php(44): view('Progress_Search')
10 SYSTEMPATH/CodeIgniter.php(942): App\Controllers\ProgressSearchController->mainProgressPage()
11 SYSTEMPATH/CodeIgniter.php(502): CodeIgniter\CodeIgniter->runController(Object(App\Controllers\ProgressSearchController))
12 SYSTEMPATH/CodeIgniter.php(361): CodeIgniter\CodeIgniter->handleRequest(null, Object(Config\Cache), false)
13 FCPATH/index.php(79): CodeIgniter\CodeIgniter->run()
14 SYSTEMPATH/Commands/Server/rewrite.php(47): require_once('/Users/dylanrollins/Documents/GitHub/CSCE-310-TAMUCC-Student-Tracking-and-Reporting-Tool/public/index.php')
CRITICAL - 2023-12-06 22:38:00 --> Undefined variable $userData
in APPPATH/Views/navbar.php on line 61.
 1 APPPATH/Views/navbar.php(61): CodeIgniter\Debug\Exceptions->errorHandler(2, 'Undefined variable $userData', '/Users/dylanrollins/Documents/GitHub/CSCE-310-TAMUCC-Student-Tracking-and-Reporting-Tool/app/Views/navbar.php', 61)
 2 SYSTEMPATH/View/View.php(228): include('/Users/dylanrollins/Documents/GitHub/CSCE-310-TAMUCC-Student-Tracking-and-Reporting-Tool/app/Views/navbar.php')
 3 SYSTEMPATH/View/View.php(231): CodeIgniter\View\View->CodeIgniter\View\{closure}()
 4 SYSTEMPATH/View/View.php(469): CodeIgniter\View\View->render('navbar', null, true)
 5 APPPATH/Views/dashboard.php(12): CodeIgniter\View\View->include('navbar')
 6 SYSTEMPATH/View/View.php(228): include('/Users/dylanrollins/Documents/GitHub/CSCE-310-TAMUCC-Student-Tracking-and-Reporting-Tool/app/Views/dashboard.php')
 7 SYSTEMPATH/View/View.php(231): CodeIgniter\View\View->CodeIgniter\View\{closure}()
 8 SYSTEMPATH/Common.php(1190): CodeIgniter\View\View->render('dashboard', [], true)
 9 APPPATH/Controllers/ProgressSearchController.php(44): view('dashboard')
10 SYSTEMPATH/CodeIgniter.php(942): App\Controllers\ProgressSearchController->mainProgressPage()
11 SYSTEMPATH/CodeIgniter.php(502): CodeIgniter\CodeIgniter->runController(Object(App\Controllers\ProgressSearchController))
12 SYSTEMPATH/CodeIgniter.php(361): CodeIgniter\CodeIgniter->handleRequest(null, Object(Config\Cache), false)
13 FCPATH/index.php(79): CodeIgniter\CodeIgniter->run()
14 SYSTEMPATH/Commands/Server/rewrite.php(47): require_once('/Users/dylanrollins/Documents/GitHub/CSCE-310-TAMUCC-Student-Tracking-and-Reporting-Tool/public/index.php')
CRITICAL - 2023-12-06 22:38:04 --> Undefined variable $userData
in APPPATH/Views/navbar.php on line 61.
 1 APPPATH/Views/navbar.php(61): CodeIgniter\Debug\Exceptions->errorHandler(2, 'Undefined variable $userData', '/Users/dylanrollins/Documents/GitHub/CSCE-310-TAMUCC-Student-Tracking-and-Reporting-Tool/app/Views/navbar.php', 61)
 2 SYSTEMPATH/View/View.php(228): include('/Users/dylanrollins/Documents/GitHub/CSCE-310-TAMUCC-Student-Tracking-and-Reporting-Tool/app/Views/navbar.php')
 3 SYSTEMPATH/View/View.php(231): CodeIgniter\View\View->CodeIgniter\View\{closure}()
 4 SYSTEMPATH/View/View.php(469): CodeIgniter\View\View->render('navbar', null, true)
 5 APPPATH/Views/dashboard.php(12): CodeIgniter\View\View->include('navbar')
 6 SYSTEMPATH/View/View.php(228): include('/Users/dylanrollins/Documents/GitHub/CSCE-310-TAMUCC-Student-Tracking-and-Reporting-Tool/app/Views/dashboard.php')
 7 SYSTEMPATH/View/View.php(231): CodeIgniter\View\View->CodeIgniter\View\{closure}()
 8 SYSTEMPATH/Common.php(1190): CodeIgniter\View\View->render('dashboard', [], true)
 9 APPPATH/Controllers/ProgressSearchController.php(44): view('dashboard')
10 SYSTEMPATH/CodeIgniter.php(942): App\Controllers\ProgressSearchController->mainProgressPage()
11 SYSTEMPATH/CodeIgniter.php(502): CodeIgniter\CodeIgniter->runController(Object(App\Controllers\ProgressSearchController))
12 SYSTEMPATH/CodeIgniter.php(361): CodeIgniter\CodeIgniter->handleRequest(null, Object(Config\Cache), false)
13 FCPATH/index.php(79): CodeIgniter\CodeIgniter->run()
14 SYSTEMPATH/Commands/Server/rewrite.php(47): require_once('/Users/dylanrollins/Documents/GitHub/CSCE-310-TAMUCC-Student-Tracking-and-Reporting-Tool/public/index.php')
CRITICAL - 2023-12-06 22:38:18 --> Undefined variable $userData
in APPPATH/Views/navbar.php on line 61.
 1 APPPATH/Views/navbar.php(61): CodeIgniter\Debug\Exceptions->errorHandler(2, 'Undefined variable $userData', '/Users/dylanrollins/Documents/GitHub/CSCE-310-TAMUCC-Student-Tracking-and-Reporting-Tool/app/Views/navbar.php', 61)
 2 SYSTEMPATH/View/View.php(228): include('/Users/dylanrollins/Documents/GitHub/CSCE-310-TAMUCC-Student-Tracking-and-Reporting-Tool/app/Views/navbar.php')
 3 SYSTEMPATH/View/View.php(231): CodeIgniter\View\View->CodeIgniter\View\{closure}()
 4 SYSTEMPATH/View/View.php(469): CodeIgniter\View\View->render('navbar', null, true)
 5 APPPATH/Views/Dashboard.php(12): CodeIgniter\View\View->include('navbar')
 6 SYSTEMPATH/View/View.php(228): include('/Users/dylanrollins/Documents/GitHub/CSCE-310-TAMUCC-Student-Tracking-and-Reporting-Tool/app/Views/Dashboard.php')
 7 SYSTEMPATH/View/View.php(231): CodeIgniter\View\View->CodeIgniter\View\{closure}()
 8 SYSTEMPATH/Common.php(1190): CodeIgniter\View\View->render('Dashboard', [], true)
 9 APPPATH/Controllers/ProgressSearchController.php(44): view('Dashboard')
10 SYSTEMPATH/CodeIgniter.php(942): App\Controllers\ProgressSearchController->mainProgressPage()
11 SYSTEMPATH/CodeIgniter.php(502): CodeIgniter\CodeIgniter->runController(Object(App\Controllers\ProgressSearchController))
12 SYSTEMPATH/CodeIgniter.php(361): CodeIgniter\CodeIgniter->handleRequest(null, Object(Config\Cache), false)
13 FCPATH/index.php(79): CodeIgniter\CodeIgniter->run()
14 SYSTEMPATH/Commands/Server/rewrite.php(47): require_once('/Users/dylanrollins/Documents/GitHub/CSCE-310-TAMUCC-Student-Tracking-and-Reporting-Tool/public/index.php')
CRITICAL - 2023-12-06 22:38:19 --> Undefined variable $userData
in APPPATH/Views/navbar.php on line 61.
 1 APPPATH/Views/navbar.php(61): CodeIgniter\Debug\Exceptions->errorHandler(2, 'Undefined variable $userData', '/Users/dylanrollins/Documents/GitHub/CSCE-310-TAMUCC-Student-Tracking-and-Reporting-Tool/app/Views/navbar.php', 61)
 2 SYSTEMPATH/View/View.php(228): include('/Users/dylanrollins/Documents/GitHub/CSCE-310-TAMUCC-Student-Tracking-and-Reporting-Tool/app/Views/navbar.php')
 3 SYSTEMPATH/View/View.php(231): CodeIgniter\View\View->CodeIgniter\View\{closure}()
 4 SYSTEMPATH/View/View.php(469): CodeIgniter\View\View->render('navbar', null, true)
 5 APPPATH/Views/Dashboard.php(12): CodeIgniter\View\View->include('navbar')
 6 SYSTEMPATH/View/View.php(228): include('/Users/dylanrollins/Documents/GitHub/CSCE-310-TAMUCC-Student-Tracking-and-Reporting-Tool/app/Views/Dashboard.php')
 7 SYSTEMPATH/View/View.php(231): CodeIgniter\View\View->CodeIgniter\View\{closure}()
 8 SYSTEMPATH/Common.php(1190): CodeIgniter\View\View->render('Dashboard', [], true)
 9 APPPATH/Controllers/ProgressSearchController.php(44): view('Dashboard')
10 SYSTEMPATH/CodeIgniter.php(942): App\Controllers\ProgressSearchController->mainProgressPage()
11 SYSTEMPATH/CodeIgniter.php(502): CodeIgniter\CodeIgniter->runController(Object(App\Controllers\ProgressSearchController))
12 SYSTEMPATH/CodeIgniter.php(361): CodeIgniter\CodeIgniter->handleRequest(null, Object(Config\Cache), false)
13 FCPATH/index.php(79): CodeIgniter\CodeIgniter->run()
14 SYSTEMPATH/Commands/Server/rewrite.php(47): require_once('/Users/dylanrollins/Documents/GitHub/CSCE-310-TAMUCC-Student-Tracking-and-Reporting-Tool/public/index.php')
CRITICAL - 2023-12-06 22:52:50 --> Undefined variable $userData
in APPPATH/Views/navbar.php on line 61.
 1 APPPATH/Views/navbar.php(61): CodeIgniter\Debug\Exceptions->errorHandler(2, 'Undefined variable $userData', '/Users/dylanrollins/Documents/GitHub/CSCE-310-TAMUCC-Student-Tracking-and-Reporting-Tool/app/Views/navbar.php', 61)
 2 SYSTEMPATH/View/View.php(228): include('/Users/dylanrollins/Documents/GitHub/CSCE-310-TAMUCC-Student-Tracking-and-Reporting-Tool/app/Views/navbar.php')
 3 SYSTEMPATH/View/View.php(231): CodeIgniter\View\View->CodeIgniter\View\{closure}()
 4 SYSTEMPATH/View/View.php(469): CodeIgniter\View\View->render('navbar', null, true)
 5 APPPATH/Views/Dashboard.php(12): CodeIgniter\View\View->include('navbar')
 6 SYSTEMPATH/View/View.php(228): include('/Users/dylanrollins/Documents/GitHub/CSCE-310-TAMUCC-Student-Tracking-and-Reporting-Tool/app/Views/Dashboard.php')
 7 SYSTEMPATH/View/View.php(231): CodeIgniter\View\View->CodeIgniter\View\{closure}()
 8 SYSTEMPATH/Common.php(1190): CodeIgniter\View\View->render('Dashboard', [], true)
 9 APPPATH/Controllers/ProgressSearchController.php(44): view('Dashboard')
10 SYSTEMPATH/CodeIgniter.php(942): App\Controllers\ProgressSearchController->mainProgressPage()
11 SYSTEMPATH/CodeIgniter.php(502): CodeIgniter\CodeIgniter->runController(Object(App\Controllers\ProgressSearchController))
12 SYSTEMPATH/CodeIgniter.php(361): CodeIgniter\CodeIgniter->handleRequest(null, Object(Config\Cache), false)
13 FCPATH/index.php(79): CodeIgniter\CodeIgniter->run()
14 SYSTEMPATH/Commands/Server/rewrite.php(47): require_once('/Users/dylanrollins/Documents/GitHub/CSCE-310-TAMUCC-Student-Tracking-and-Reporting-Tool/public/index.php')
CRITICAL - 2023-12-06 22:57:18 --> Undefined variable $userData
in APPPATH/Views/navbar.php on line 61.
 1 APPPATH/Views/navbar.php(61): CodeIgniter\Debug\Exceptions->errorHandler(2, 'Undefined variable $userData', '/Users/dylanrollins/Documents/GitHub/CSCE-310-TAMUCC-Student-Tracking-and-Reporting-Tool/app/Views/navbar.php', 61)
 2 SYSTEMPATH/View/View.php(228): include('/Users/dylanrollins/Documents/GitHub/CSCE-310-TAMUCC-Student-Tracking-and-Reporting-Tool/app/Views/navbar.php')
 3 SYSTEMPATH/View/View.php(231): CodeIgniter\View\View->CodeIgniter\View\{closure}()
 4 SYSTEMPATH/View/View.php(469): CodeIgniter\View\View->render('navbar', null, true)
 5 APPPATH/Views/Dashboard.php(12): CodeIgniter\View\View->include('navbar')
 6 SYSTEMPATH/View/View.php(228): include('/Users/dylanrollins/Documents/GitHub/CSCE-310-TAMUCC-Student-Tracking-and-Reporting-Tool/app/Views/Dashboard.php')
 7 SYSTEMPATH/View/View.php(231): CodeIgniter\View\View->CodeIgniter\View\{closure}()
 8 SYSTEMPATH/Common.php(1190): CodeIgniter\View\View->render('Dashboard', [], true)
 9 APPPATH/Controllers/ProgressSearchController.php(44): view('Dashboard')
10 SYSTEMPATH/CodeIgniter.php(942): App\Controllers\ProgressSearchController->mainProgressPage()
11 SYSTEMPATH/CodeIgniter.php(502): CodeIgniter\CodeIgniter->runController(Object(App\Controllers\ProgressSearchController))
12 SYSTEMPATH/CodeIgniter.php(361): CodeIgniter\CodeIgniter->handleRequest(null, Object(Config\Cache), false)
13 FCPATH/index.php(79): CodeIgniter\CodeIgniter->run()
14 SYSTEMPATH/Commands/Server/rewrite.php(47): require_once('/Users/dylanrollins/Documents/GitHub/CSCE-310-TAMUCC-Student-Tracking-and-Reporting-Tool/public/index.php')
CRITICAL - 2023-12-06 22:57:35 --> Undefined variable $userData
in APPPATH/Views/navbar.php on line 61.
 1 APPPATH/Views/navbar.php(61): CodeIgniter\Debug\Exceptions->errorHandler(2, 'Undefined variable $userData', '/Users/dylanrollins/Documents/GitHub/CSCE-310-TAMUCC-Student-Tracking-and-Reporting-Tool/app/Views/navbar.php', 61)
 2 SYSTEMPATH/View/View.php(228): include('/Users/dylanrollins/Documents/GitHub/CSCE-310-TAMUCC-Student-Tracking-and-Reporting-Tool/app/Views/navbar.php')
 3 SYSTEMPATH/View/View.php(231): CodeIgniter\View\View->CodeIgniter\View\{closure}()
 4 SYSTEMPATH/View/View.php(469): CodeIgniter\View\View->render('navbar', null, true)
 5 APPPATH/Views/Dashboard.php(12): CodeIgniter\View\View->include('navbar')
 6 SYSTEMPATH/View/View.php(228): include('/Users/dylanrollins/Documents/GitHub/CSCE-310-TAMUCC-Student-Tracking-and-Reporting-Tool/app/Views/Dashboard.php')
 7 SYSTEMPATH/View/View.php(231): CodeIgniter\View\View->CodeIgniter\View\{closure}()
 8 SYSTEMPATH/Common.php(1190): CodeIgniter\View\View->render('Dashboard', [], true)
 9 APPPATH/Controllers/ProgressSearchController.php(44): view('Dashboard')
10 SYSTEMPATH/CodeIgniter.php(942): App\Controllers\ProgressSearchController->mainProgressPage()
11 SYSTEMPATH/CodeIgniter.php(502): CodeIgniter\CodeIgniter->runController(Object(App\Controllers\ProgressSearchController))
12 SYSTEMPATH/CodeIgniter.php(361): CodeIgniter\CodeIgniter->handleRequest(null, Object(Config\Cache), false)
13 FCPATH/index.php(79): CodeIgniter\CodeIgniter->run()
14 SYSTEMPATH/Commands/Server/rewrite.php(47): require_once('/Users/dylanrollins/Documents/GitHub/CSCE-310-TAMUCC-Student-Tracking-and-Reporting-Tool/public/index.php')
CRITICAL - 2023-12-06 22:57:36 --> Undefined variable $userData
in APPPATH/Views/navbar.php on line 61.
 1 APPPATH/Views/navbar.php(61): CodeIgniter\Debug\Exceptions->errorHandler(2, 'Undefined variable $userData', '/Users/dylanrollins/Documents/GitHub/CSCE-310-TAMUCC-Student-Tracking-and-Reporting-Tool/app/Views/navbar.php', 61)
 2 SYSTEMPATH/View/View.php(228): include('/Users/dylanrollins/Documents/GitHub/CSCE-310-TAMUCC-Student-Tracking-and-Reporting-Tool/app/Views/navbar.php')
 3 SYSTEMPATH/View/View.php(231): CodeIgniter\View\View->CodeIgniter\View\{closure}()
 4 SYSTEMPATH/View/View.php(469): CodeIgniter\View\View->render('navbar', null, true)
 5 APPPATH/Views/Dashboard.php(12): CodeIgniter\View\View->include('navbar')
 6 SYSTEMPATH/View/View.php(228): include('/Users/dylanrollins/Documents/GitHub/CSCE-310-TAMUCC-Student-Tracking-and-Reporting-Tool/app/Views/Dashboard.php')
 7 SYSTEMPATH/View/View.php(231): CodeIgniter\View\View->CodeIgniter\View\{closure}()
 8 SYSTEMPATH/Common.php(1190): CodeIgniter\View\View->render('Dashboard', [], true)
 9 APPPATH/Controllers/ProgressSearchController.php(44): view('Dashboard')
10 SYSTEMPATH/CodeIgniter.php(942): App\Controllers\ProgressSearchController->mainProgressPage()
11 SYSTEMPATH/CodeIgniter.php(502): CodeIgniter\CodeIgniter->runController(Object(App\Controllers\ProgressSearchController))
12 SYSTEMPATH/CodeIgniter.php(361): CodeIgniter\CodeIgniter->handleRequest(null, Object(Config\Cache), false)
13 FCPATH/index.php(79): CodeIgniter\CodeIgniter->run()
14 SYSTEMPATH/Commands/Server/rewrite.php(47): require_once('/Users/dylanrollins/Documents/GitHub/CSCE-310-TAMUCC-Student-Tracking-and-Reporting-Tool/public/index.php')
CRITICAL - 2023-12-06 22:57:55 --> Undefined variable $userData
in APPPATH/Views/Progress_Search.php on line 41.
 1 APPPATH/Views/Progress_Search.php(41): CodeIgniter\Debug\Exceptions->errorHandler(2, 'Undefined variable $userData', '/Users/dylanrollins/Documents/GitHub/CSCE-310-TAMUCC-Student-Tracking-and-Reporting-Tool/app/Views/Progress_Search.php', 41)
 2 SYSTEMPATH/View/View.php(228): include('/Users/dylanrollins/Documents/GitHub/CSCE-310-TAMUCC-Student-Tracking-and-Reporting-Tool/app/Views/Progress_Search.php')
 3 SYSTEMPATH/View/View.php(231): CodeIgniter\View\View->CodeIgniter\View\{closure}()
 4 SYSTEMPATH/Common.php(1190): CodeIgniter\View\View->render('Progress_Search', [], true)
 5 APPPATH/Controllers/ProgressSearchController.php(44): view('Progress_Search')
 6 SYSTEMPATH/CodeIgniter.php(942): App\Controllers\ProgressSearchController->mainProgressPage()
 7 SYSTEMPATH/CodeIgniter.php(502): CodeIgniter\CodeIgniter->runController(Object(App\Controllers\ProgressSearchController))
 8 SYSTEMPATH/CodeIgniter.php(361): CodeIgniter\CodeIgniter->handleRequest(null, Object(Config\Cache), false)
 9 FCPATH/index.php(79): CodeIgniter\CodeIgniter->run()
10 SYSTEMPATH/Commands/Server/rewrite.php(47): require_once('/Users/dylanrollins/Documents/GitHub/CSCE-310-TAMUCC-Student-Tracking-and-Reporting-Tool/public/index.php')
CRITICAL - 2023-12-06 23:02:36 --> Undefined variable $userData
in APPPATH/Views/Progress_Search.php on line 41.
 1 APPPATH/Views/Progress_Search.php(41): CodeIgniter\Debug\Exceptions->errorHandler(2, 'Undefined variable $userData', '/Users/dylanrollins/Documents/GitHub/CSCE-310-TAMUCC-Student-Tracking-and-Reporting-Tool/app/Views/Progress_Search.php', 41)
 2 SYSTEMPATH/View/View.php(228): include('/Users/dylanrollins/Documents/GitHub/CSCE-310-TAMUCC-Student-Tracking-and-Reporting-Tool/app/Views/Progress_Search.php')
 3 SYSTEMPATH/View/View.php(231): CodeIgniter\View\View->CodeIgniter\View\{closure}()
 4 SYSTEMPATH/Common.php(1190): CodeIgniter\View\View->render('Progress_Search', [], true)
 5 APPPATH/Controllers/ProgressSearchController.php(45): view('Progress_Search')
 6 SYSTEMPATH/CodeIgniter.php(942): App\Controllers\ProgressSearchController->mainProgressPage()
 7 SYSTEMPATH/CodeIgniter.php(502): CodeIgniter\CodeIgniter->runController(Object(App\Controllers\ProgressSearchController))
 8 SYSTEMPATH/CodeIgniter.php(361): CodeIgniter\CodeIgniter->handleRequest(null, Object(Config\Cache), false)
 9 FCPATH/index.php(79): CodeIgniter\CodeIgniter->run()
10 SYSTEMPATH/Commands/Server/rewrite.php(47): require_once('/Users/dylanrollins/Documents/GitHub/CSCE-310-TAMUCC-Student-Tracking-and-Reporting-Tool/public/index.php')
CRITICAL - 2023-12-06 23:02:37 --> Undefined variable $userData
in APPPATH/Views/Progress_Search.php on line 41.
 1 APPPATH/Views/Progress_Search.php(41): CodeIgniter\Debug\Exceptions->errorHandler(2, 'Undefined variable $userData', '/Users/dylanrollins/Documents/GitHub/CSCE-310-TAMUCC-Student-Tracking-and-Reporting-Tool/app/Views/Progress_Search.php', 41)
 2 SYSTEMPATH/View/View.php(228): include('/Users/dylanrollins/Documents/GitHub/CSCE-310-TAMUCC-Student-Tracking-and-Reporting-Tool/app/Views/Progress_Search.php')
 3 SYSTEMPATH/View/View.php(231): CodeIgniter\View\View->CodeIgniter\View\{closure}()
 4 SYSTEMPATH/Common.php(1190): CodeIgniter\View\View->render('Progress_Search', [], true)
 5 APPPATH/Controllers/ProgressSearchController.php(45): view('Progress_Search')
 6 SYSTEMPATH/CodeIgniter.php(942): App\Controllers\ProgressSearchController->mainProgressPage()
 7 SYSTEMPATH/CodeIgniter.php(502): CodeIgniter\CodeIgniter->runController(Object(App\Controllers\ProgressSearchController))
 8 SYSTEMPATH/CodeIgniter.php(361): CodeIgniter\CodeIgniter->handleRequest(null, Object(Config\Cache), false)
 9 FCPATH/index.php(79): CodeIgniter\CodeIgniter->run()
10 SYSTEMPATH/Commands/Server/rewrite.php(47): require_once('/Users/dylanrollins/Documents/GitHub/CSCE-310-TAMUCC-Student-Tracking-and-Reporting-Tool/public/index.php')
CRITICAL - 2023-12-06 23:02:45 --> Undefined variable $userData
in APPPATH/Views/Progress_Search.php on line 41.
 1 APPPATH/Views/Progress_Search.php(41): CodeIgniter\Debug\Exceptions->errorHandler(2, 'Undefined variable $userData', '/Users/dylanrollins/Documents/GitHub/CSCE-310-TAMUCC-Student-Tracking-and-Reporting-Tool/app/Views/Progress_Search.php', 41)
 2 SYSTEMPATH/View/View.php(228): include('/Users/dylanrollins/Documents/GitHub/CSCE-310-TAMUCC-Student-Tracking-and-Reporting-Tool/app/Views/Progress_Search.php')
 3 SYSTEMPATH/View/View.php(231): CodeIgniter\View\View->CodeIgniter\View\{closure}()
 4 SYSTEMPATH/Common.php(1190): CodeIgniter\View\View->render('Progress_Search', [], true)
 5 APPPATH/Controllers/ProgressSearchController.php(45): view('Progress_Search')
 6 SYSTEMPATH/CodeIgniter.php(942): App\Controllers\ProgressSearchController->mainProgressPage()
 7 SYSTEMPATH/CodeIgniter.php(502): CodeIgniter\CodeIgniter->runController(Object(App\Controllers\ProgressSearchController))
 8 SYSTEMPATH/CodeIgniter.php(361): CodeIgniter\CodeIgniter->handleRequest(null, Object(Config\Cache), false)
 9 FCPATH/index.php(79): CodeIgniter\CodeIgniter->run()
10 SYSTEMPATH/Commands/Server/rewrite.php(47): require_once('/Users/dylanrollins/Documents/GitHub/CSCE-310-TAMUCC-Student-Tracking-and-Reporting-Tool/public/index.php')
CRITICAL - 2023-12-06 23:02:57 --> Undefined variable $userData
in APPPATH/Views/Progress_Search.php on line 41.
 1 APPPATH/Views/Progress_Search.php(41): CodeIgniter\Debug\Exceptions->errorHandler(2, 'Undefined variable $userData', '/Users/dylanrollins/Documents/GitHub/CSCE-310-TAMUCC-Student-Tracking-and-Reporting-Tool/app/Views/Progress_Search.php', 41)
 2 SYSTEMPATH/View/View.php(228): include('/Users/dylanrollins/Documents/GitHub/CSCE-310-TAMUCC-Student-Tracking-and-Reporting-Tool/app/Views/Progress_Search.php')
 3 SYSTEMPATH/View/View.php(231): CodeIgniter\View\View->CodeIgniter\View\{closure}()
 4 SYSTEMPATH/Common.php(1190): CodeIgniter\View\View->render('Progress_Search', [], true)
 5 APPPATH/Controllers/ProgressSearchController.php(45): view('Progress_Search')
 6 SYSTEMPATH/CodeIgniter.php(942): App\Controllers\ProgressSearchController->mainProgressPage()
 7 SYSTEMPATH/CodeIgniter.php(502): CodeIgniter\CodeIgniter->runController(Object(App\Controllers\ProgressSearchController))
 8 SYSTEMPATH/CodeIgniter.php(361): CodeIgniter\CodeIgniter->handleRequest(null, Object(Config\Cache), false)
 9 FCPATH/index.php(79): CodeIgniter\CodeIgniter->run()
10 SYSTEMPATH/Commands/Server/rewrite.php(47): require_once('/Users/dylanrollins/Documents/GitHub/CSCE-310-TAMUCC-Student-Tracking-and-Reporting-Tool/public/index.php')
CRITICAL - 2023-12-06 23:02:58 --> Undefined variable $userData
in APPPATH/Views/Progress_Search.php on line 41.
 1 APPPATH/Views/Progress_Search.php(41): CodeIgniter\Debug\Exceptions->errorHandler(2, 'Undefined variable $userData', '/Users/dylanrollins/Documents/GitHub/CSCE-310-TAMUCC-Student-Tracking-and-Reporting-Tool/app/Views/Progress_Search.php', 41)
 2 SYSTEMPATH/View/View.php(228): include('/Users/dylanrollins/Documents/GitHub/CSCE-310-TAMUCC-Student-Tracking-and-Reporting-Tool/app/Views/Progress_Search.php')
 3 SYSTEMPATH/View/View.php(231): CodeIgniter\View\View->CodeIgniter\View\{closure}()
 4 SYSTEMPATH/Common.php(1190): CodeIgniter\View\View->render('Progress_Search', [], true)
 5 APPPATH/Controllers/ProgressSearchController.php(45): view('Progress_Search')
 6 SYSTEMPATH/CodeIgniter.php(942): App\Controllers\ProgressSearchController->mainProgressPage()
 7 SYSTEMPATH/CodeIgniter.php(502): CodeIgniter\CodeIgniter->runController(Object(App\Controllers\ProgressSearchController))
 8 SYSTEMPATH/CodeIgniter.php(361): CodeIgniter\CodeIgniter->handleRequest(null, Object(Config\Cache), false)
 9 FCPATH/index.php(79): CodeIgniter\CodeIgniter->run()
10 SYSTEMPATH/Commands/Server/rewrite.php(47): require_once('/Users/dylanrollins/Documents/GitHub/CSCE-310-TAMUCC-Student-Tracking-and-Reporting-Tool/public/index.php')
CRITICAL - 2023-12-06 23:03:52 --> Undefined variable $userData
in APPPATH/Views/Progress_Search.php on line 44.
 1 APPPATH/Views/Progress_Search.php(44): CodeIgniter\Debug\Exceptions->errorHandler(2, 'Undefined variable $userData', '/Users/dylanrollins/Documents/GitHub/CSCE-310-TAMUCC-Student-Tracking-and-Reporting-Tool/app/Views/Progress_Search.php', 44)
 2 SYSTEMPATH/View/View.php(228): include('/Users/dylanrollins/Documents/GitHub/CSCE-310-TAMUCC-Student-Tracking-and-Reporting-Tool/app/Views/Progress_Search.php')
 3 SYSTEMPATH/View/View.php(231): CodeIgniter\View\View->CodeIgniter\View\{closure}()
 4 SYSTEMPATH/Common.php(1190): CodeIgniter\View\View->render('Progress_Search', [], true)
 5 APPPATH/Controllers/ProgressSearchController.php(44): view('Progress_Search')
 6 SYSTEMPATH/CodeIgniter.php(942): App\Controllers\ProgressSearchController->mainProgressPage()
 7 SYSTEMPATH/CodeIgniter.php(502): CodeIgniter\CodeIgniter->runController(Object(App\Controllers\ProgressSearchController))
 8 SYSTEMPATH/CodeIgniter.php(361): CodeIgniter\CodeIgniter->handleRequest(null, Object(Config\Cache), false)
 9 FCPATH/index.php(79): CodeIgniter\CodeIgniter->run()
10 SYSTEMPATH/Commands/Server/rewrite.php(47): require_once('/Users/dylanrollins/Documents/GitHub/CSCE-310-TAMUCC-Student-Tracking-and-Reporting-Tool/public/index.php')
CRITICAL - 2023-12-06 23:03:53 --> Undefined variable $userData
in APPPATH/Views/Progress_Search.php on line 44.
 1 APPPATH/Views/Progress_Search.php(44): CodeIgniter\Debug\Exceptions->errorHandler(2, 'Undefined variable $userData', '/Users/dylanrollins/Documents/GitHub/CSCE-310-TAMUCC-Student-Tracking-and-Reporting-Tool/app/Views/Progress_Search.php', 44)
 2 SYSTEMPATH/View/View.php(228): include('/Users/dylanrollins/Documents/GitHub/CSCE-310-TAMUCC-Student-Tracking-and-Reporting-Tool/app/Views/Progress_Search.php')
 3 SYSTEMPATH/View/View.php(231): CodeIgniter\View\View->CodeIgniter\View\{closure}()
 4 SYSTEMPATH/Common.php(1190): CodeIgniter\View\View->render('Progress_Search', [], true)
 5 APPPATH/Controllers/ProgressSearchController.php(44): view('Progress_Search')
 6 SYSTEMPATH/CodeIgniter.php(942): App\Controllers\ProgressSearchController->mainProgressPage()
 7 SYSTEMPATH/CodeIgniter.php(502): CodeIgniter\CodeIgniter->runController(Object(App\Controllers\ProgressSearchController))
 8 SYSTEMPATH/CodeIgniter.php(361): CodeIgniter\CodeIgniter->handleRequest(null, Object(Config\Cache), false)
 9 FCPATH/index.php(79): CodeIgniter\CodeIgniter->run()
10 SYSTEMPATH/Commands/Server/rewrite.php(47): require_once('/Users/dylanrollins/Documents/GitHub/CSCE-310-TAMUCC-Student-Tracking-and-Reporting-Tool/public/index.php')
CRITICAL - 2023-12-06 23:09:37 --> Undefined variable $userData
in APPPATH/Views/navbar.php on line 61.
 1 APPPATH/Views/navbar.php(61): CodeIgniter\Debug\Exceptions->errorHandler(2, 'Undefined variable $userData', '/Users/dylanrollins/Documents/GitHub/CSCE-310-TAMUCC-Student-Tracking-and-Reporting-Tool/app/Views/navbar.php', 61)
 2 SYSTEMPATH/View/View.php(228): include('/Users/dylanrollins/Documents/GitHub/CSCE-310-TAMUCC-Student-Tracking-and-Reporting-Tool/app/Views/navbar.php')
 3 SYSTEMPATH/View/View.php(231): CodeIgniter\View\View->CodeIgniter\View\{closure}()
 4 SYSTEMPATH/View/View.php(469): CodeIgniter\View\View->render('navbar', null, true)
 5 APPPATH/Views/Progress_Search.php(12): CodeIgniter\View\View->include('navbar')
 6 SYSTEMPATH/View/View.php(228): include('/Users/dylanrollins/Documents/GitHub/CSCE-310-TAMUCC-Student-Tracking-and-Reporting-Tool/app/Views/Progress_Search.php')
 7 SYSTEMPATH/View/View.php(231): CodeIgniter\View\View->CodeIgniter\View\{closure}()
 8 SYSTEMPATH/Common.php(1190): CodeIgniter\View\View->render('Progress_Search', [], true)
 9 APPPATH/Controllers/ProgressSearchController.php(44): view('Progress_Search')
10 SYSTEMPATH/CodeIgniter.php(942): App\Controllers\ProgressSearchController->mainProgressPage()
11 SYSTEMPATH/CodeIgniter.php(502): CodeIgniter\CodeIgniter->runController(Object(App\Controllers\ProgressSearchController))
12 SYSTEMPATH/CodeIgniter.php(361): CodeIgniter\CodeIgniter->handleRequest(null, Object(Config\Cache), false)
13 FCPATH/index.php(79): CodeIgniter\CodeIgniter->run()
14 SYSTEMPATH/Commands/Server/rewrite.php(47): require_once('/Users/dylanrollins/Documents/GitHub/CSCE-310-TAMUCC-Student-Tracking-and-Reporting-Tool/public/index.php')
CRITICAL - 2023-12-06 23:09:58 --> Undefined variable $userData
in APPPATH/Views/navbar.php on line 61.
 1 APPPATH/Views/navbar.php(61): CodeIgniter\Debug\Exceptions->errorHandler(2, 'Undefined variable $userData', '/Users/dylanrollins/Documents/GitHub/CSCE-310-TAMUCC-Student-Tracking-and-Reporting-Tool/app/Views/navbar.php', 61)
 2 SYSTEMPATH/View/View.php(228): include('/Users/dylanrollins/Documents/GitHub/CSCE-310-TAMUCC-Student-Tracking-and-Reporting-Tool/app/Views/navbar.php')
 3 SYSTEMPATH/View/View.php(231): CodeIgniter\View\View->CodeIgniter\View\{closure}()
 4 SYSTEMPATH/View/View.php(469): CodeIgniter\View\View->render('navbar', null, true)
 5 APPPATH/Views/Progress_Search.php(14): CodeIgniter\View\View->include('navbar')
 6 SYSTEMPATH/View/View.php(228): include('/Users/dylanrollins/Documents/GitHub/CSCE-310-TAMUCC-Student-Tracking-and-Reporting-Tool/app/Views/Progress_Search.php')
 7 SYSTEMPATH/View/View.php(231): CodeIgniter\View\View->CodeIgniter\View\{closure}()
 8 SYSTEMPATH/Common.php(1190): CodeIgniter\View\View->render('Progress_Search', [], true)
 9 APPPATH/Controllers/ProgressSearchController.php(44): view('Progress_Search')
10 SYSTEMPATH/CodeIgniter.php(942): App\Controllers\ProgressSearchController->mainProgressPage()
11 SYSTEMPATH/CodeIgniter.php(502): CodeIgniter\CodeIgniter->runController(Object(App\Controllers\ProgressSearchController))
12 SYSTEMPATH/CodeIgniter.php(361): CodeIgniter\CodeIgniter->handleRequest(null, Object(Config\Cache), false)
13 FCPATH/index.php(79): CodeIgniter\CodeIgniter->run()
14 SYSTEMPATH/Commands/Server/rewrite.php(47): require_once('/Users/dylanrollins/Documents/GitHub/CSCE-310-TAMUCC-Student-Tracking-and-Reporting-Tool/public/index.php')
CRITICAL - 2023-12-06 23:09:59 --> Undefined variable $userData
in APPPATH/Views/navbar.php on line 61.
 1 APPPATH/Views/navbar.php(61): CodeIgniter\Debug\Exceptions->errorHandler(2, 'Undefined variable $userData', '/Users/dylanrollins/Documents/GitHub/CSCE-310-TAMUCC-Student-Tracking-and-Reporting-Tool/app/Views/navbar.php', 61)
 2 SYSTEMPATH/View/View.php(228): include('/Users/dylanrollins/Documents/GitHub/CSCE-310-TAMUCC-Student-Tracking-and-Reporting-Tool/app/Views/navbar.php')
 3 SYSTEMPATH/View/View.php(231): CodeIgniter\View\View->CodeIgniter\View\{closure}()
 4 SYSTEMPATH/View/View.php(469): CodeIgniter\View\View->render('navbar', null, true)
 5 APPPATH/Views/Progress_Search.php(14): CodeIgniter\View\View->include('navbar')
 6 SYSTEMPATH/View/View.php(228): include('/Users/dylanrollins/Documents/GitHub/CSCE-310-TAMUCC-Student-Tracking-and-Reporting-Tool/app/Views/Progress_Search.php')
 7 SYSTEMPATH/View/View.php(231): CodeIgniter\View\View->CodeIgniter\View\{closure}()
 8 SYSTEMPATH/Common.php(1190): CodeIgniter\View\View->render('Progress_Search', [], true)
 9 APPPATH/Controllers/ProgressSearchController.php(44): view('Progress_Search')
10 SYSTEMPATH/CodeIgniter.php(942): App\Controllers\ProgressSearchController->mainProgressPage()
11 SYSTEMPATH/CodeIgniter.php(502): CodeIgniter\CodeIgniter->runController(Object(App\Controllers\ProgressSearchController))
12 SYSTEMPATH/CodeIgniter.php(361): CodeIgniter\CodeIgniter->handleRequest(null, Object(Config\Cache), false)
13 FCPATH/index.php(79): CodeIgniter\CodeIgniter->run()
14 SYSTEMPATH/Commands/Server/rewrite.php(47): require_once('/Users/dylanrollins/Documents/GitHub/CSCE-310-TAMUCC-Student-Tracking-and-Reporting-Tool/public/index.php')
CRITICAL - 2023-12-06 23:14:56 --> Undefined variable $userData
in APPPATH/Views/navbar.php on line 61.
 1 APPPATH/Views/navbar.php(61): CodeIgniter\Debug\Exceptions->errorHandler(2, 'Undefined variable $userData', '/Users/dylanrollins/Documents/GitHub/CSCE-310-TAMUCC-Student-Tracking-and-Reporting-Tool/app/Views/navbar.php', 61)
 2 SYSTEMPATH/View/View.php(228): include('/Users/dylanrollins/Documents/GitHub/CSCE-310-TAMUCC-Student-Tracking-and-Reporting-Tool/app/Views/navbar.php')
 3 SYSTEMPATH/View/View.php(231): CodeIgniter\View\View->CodeIgniter\View\{closure}()
 4 SYSTEMPATH/View/View.php(469): CodeIgniter\View\View->render('navbar', null, true)
 5 APPPATH/Views/Progress_Search.php(12): CodeIgniter\View\View->include('navbar')
 6 SYSTEMPATH/View/View.php(228): include('/Users/dylanrollins/Documents/GitHub/CSCE-310-TAMUCC-Student-Tracking-and-Reporting-Tool/app/Views/Progress_Search.php')
 7 SYSTEMPATH/View/View.php(231): CodeIgniter\View\View->CodeIgniter\View\{closure}()
 8 SYSTEMPATH/Common.php(1190): CodeIgniter\View\View->render('Progress_Search', [], true)
 9 APPPATH/Controllers/ProgressSearchController.php(45): view('Progress_Search')
10 SYSTEMPATH/CodeIgniter.php(942): App\Controllers\ProgressSearchController->mainProgressPage()
11 SYSTEMPATH/CodeIgniter.php(502): CodeIgniter\CodeIgniter->runController(Object(App\Controllers\ProgressSearchController))
12 SYSTEMPATH/CodeIgniter.php(361): CodeIgniter\CodeIgniter->handleRequest(null, Object(Config\Cache), false)
13 FCPATH/index.php(79): CodeIgniter\CodeIgniter->run()
14 SYSTEMPATH/Commands/Server/rewrite.php(47): require_once('/Users/dylanrollins/Documents/GitHub/CSCE-310-TAMUCC-Student-Tracking-and-Reporting-Tool/public/index.php')
CRITICAL - 2023-12-06 23:14:57 --> Undefined variable $userData
in APPPATH/Views/navbar.php on line 61.
 1 APPPATH/Views/navbar.php(61): CodeIgniter\Debug\Exceptions->errorHandler(2, 'Undefined variable $userData', '/Users/dylanrollins/Documents/GitHub/CSCE-310-TAMUCC-Student-Tracking-and-Reporting-Tool/app/Views/navbar.php', 61)
 2 SYSTEMPATH/View/View.php(228): include('/Users/dylanrollins/Documents/GitHub/CSCE-310-TAMUCC-Student-Tracking-and-Reporting-Tool/app/Views/navbar.php')
 3 SYSTEMPATH/View/View.php(231): CodeIgniter\View\View->CodeIgniter\View\{closure}()
 4 SYSTEMPATH/View/View.php(469): CodeIgniter\View\View->render('navbar', null, true)
 5 APPPATH/Views/Progress_Search.php(12): CodeIgniter\View\View->include('navbar')
 6 SYSTEMPATH/View/View.php(228): include('/Users/dylanrollins/Documents/GitHub/CSCE-310-TAMUCC-Student-Tracking-and-Reporting-Tool/app/Views/Progress_Search.php')
 7 SYSTEMPATH/View/View.php(231): CodeIgniter\View\View->CodeIgniter\View\{closure}()
 8 SYSTEMPATH/Common.php(1190): CodeIgniter\View\View->render('Progress_Search', [], true)
 9 APPPATH/Controllers/ProgressSearchController.php(45): view('Progress_Search')
10 SYSTEMPATH/CodeIgniter.php(942): App\Controllers\ProgressSearchController->mainProgressPage()
11 SYSTEMPATH/CodeIgniter.php(502): CodeIgniter\CodeIgniter->runController(Object(App\Controllers\ProgressSearchController))
12 SYSTEMPATH/CodeIgniter.php(361): CodeIgniter\CodeIgniter->handleRequest(null, Object(Config\Cache), false)
13 FCPATH/index.php(79): CodeIgniter\CodeIgniter->run()
14 SYSTEMPATH/Commands/Server/rewrite.php(47): require_once('/Users/dylanrollins/Documents/GitHub/CSCE-310-TAMUCC-Student-Tracking-and-Reporting-Tool/public/index.php')
CRITICAL - 2023-12-06 23:15:05 --> Undefined variable $userData
in APPPATH/Views/navbar.php on line 61.
 1 APPPATH/Views/navbar.php(61): CodeIgniter\Debug\Exceptions->errorHandler(2, 'Undefined variable $userData', '/Users/dylanrollins/Documents/GitHub/CSCE-310-TAMUCC-Student-Tracking-and-Reporting-Tool/app/Views/navbar.php', 61)
 2 SYSTEMPATH/View/View.php(228): include('/Users/dylanrollins/Documents/GitHub/CSCE-310-TAMUCC-Student-Tracking-and-Reporting-Tool/app/Views/navbar.php')
 3 SYSTEMPATH/View/View.php(231): CodeIgniter\View\View->CodeIgniter\View\{closure}()
 4 SYSTEMPATH/View/View.php(469): CodeIgniter\View\View->render('navbar', null, true)
 5 APPPATH/Views/Progress_Search.php(12): CodeIgniter\View\View->include('navbar')
 6 SYSTEMPATH/View/View.php(228): include('/Users/dylanrollins/Documents/GitHub/CSCE-310-TAMUCC-Student-Tracking-and-Reporting-Tool/app/Views/Progress_Search.php')
 7 SYSTEMPATH/View/View.php(231): CodeIgniter\View\View->CodeIgniter\View\{closure}()
 8 SYSTEMPATH/Common.php(1190): CodeIgniter\View\View->render('Progress_Search', [], true)
 9 APPPATH/Controllers/ProgressSearchController.php(45): view('Progress_Search')
10 SYSTEMPATH/CodeIgniter.php(942): App\Controllers\ProgressSearchController->mainProgressPage()
11 SYSTEMPATH/CodeIgniter.php(502): CodeIgniter\CodeIgniter->runController(Object(App\Controllers\ProgressSearchController))
12 SYSTEMPATH/CodeIgniter.php(361): CodeIgniter\CodeIgniter->handleRequest(null, Object(Config\Cache), false)
13 FCPATH/index.php(79): CodeIgniter\CodeIgniter->run()
14 SYSTEMPATH/Commands/Server/rewrite.php(47): require_once('/Users/dylanrollins/Documents/GitHub/CSCE-310-TAMUCC-Student-Tracking-and-Reporting-Tool/public/index.php')
CRITICAL - 2023-12-06 23:15:06 --> Undefined variable $userData
in APPPATH/Views/navbar.php on line 61.
 1 APPPATH/Views/navbar.php(61): CodeIgniter\Debug\Exceptions->errorHandler(2, 'Undefined variable $userData', '/Users/dylanrollins/Documents/GitHub/CSCE-310-TAMUCC-Student-Tracking-and-Reporting-Tool/app/Views/navbar.php', 61)
 2 SYSTEMPATH/View/View.php(228): include('/Users/dylanrollins/Documents/GitHub/CSCE-310-TAMUCC-Student-Tracking-and-Reporting-Tool/app/Views/navbar.php')
 3 SYSTEMPATH/View/View.php(231): CodeIgniter\View\View->CodeIgniter\View\{closure}()
 4 SYSTEMPATH/View/View.php(469): CodeIgniter\View\View->render('navbar', null, true)
 5 APPPATH/Views/Progress_Search.php(12): CodeIgniter\View\View->include('navbar')
 6 SYSTEMPATH/View/View.php(228): include('/Users/dylanrollins/Documents/GitHub/CSCE-310-TAMUCC-Student-Tracking-and-Reporting-Tool/app/Views/Progress_Search.php')
 7 SYSTEMPATH/View/View.php(231): CodeIgniter\View\View->CodeIgniter\View\{closure}()
 8 SYSTEMPATH/Common.php(1190): CodeIgniter\View\View->render('Progress_Search', [], true)
 9 APPPATH/Controllers/ProgressSearchController.php(45): view('Progress_Search')
10 SYSTEMPATH/CodeIgniter.php(942): App\Controllers\ProgressSearchController->mainProgressPage()
11 SYSTEMPATH/CodeIgniter.php(502): CodeIgniter\CodeIgniter->runController(Object(App\Controllers\ProgressSearchController))
12 SYSTEMPATH/CodeIgniter.php(361): CodeIgniter\CodeIgniter->handleRequest(null, Object(Config\Cache), false)
13 FCPATH/index.php(79): CodeIgniter\CodeIgniter->run()
14 SYSTEMPATH/Commands/Server/rewrite.php(47): require_once('/Users/dylanrollins/Documents/GitHub/CSCE-310-TAMUCC-Student-Tracking-and-Reporting-Tool/public/index.php')
CRITICAL - 2023-12-06 23:15:46 --> Trying to access array offset on null
in APPPATH/Views/navbar.php on line 61.
 1 APPPATH/Views/navbar.php(61): CodeIgniter\Debug\Exceptions->errorHandler(2, 'Trying to access array offset on null', '/Users/dylanrollins/Documents/GitHub/CSCE-310-TAMUCC-Student-Tracking-and-Reporting-Tool/app/Views/navbar.php', 61)
 2 SYSTEMPATH/View/View.php(228): include('/Users/dylanrollins/Documents/GitHub/CSCE-310-TAMUCC-Student-Tracking-and-Reporting-Tool/app/Views/navbar.php')
 3 SYSTEMPATH/View/View.php(231): CodeIgniter\View\View->CodeIgniter\View\{closure}()
 4 SYSTEMPATH/View/View.php(469): CodeIgniter\View\View->render('navbar', null, true)
 5 APPPATH/Views/Progress_Search.php(12): CodeIgniter\View\View->include('navbar')
 6 SYSTEMPATH/View/View.php(228): include('/Users/dylanrollins/Documents/GitHub/CSCE-310-TAMUCC-Student-Tracking-and-Reporting-Tool/app/Views/Progress_Search.php')
 7 SYSTEMPATH/View/View.php(231): CodeIgniter\View\View->CodeIgniter\View\{closure}()
 8 SYSTEMPATH/Common.php(1190): CodeIgniter\View\View->render('Progress_Search', [], true)
 9 APPPATH/Controllers/ProgressSearchController.php(45): view('Progress_Search', [...])
10 SYSTEMPATH/CodeIgniter.php(942): App\Controllers\ProgressSearchController->mainProgressPage()
11 SYSTEMPATH/CodeIgniter.php(502): CodeIgniter\CodeIgniter->runController(Object(App\Controllers\ProgressSearchController))
12 SYSTEMPATH/CodeIgniter.php(361): CodeIgniter\CodeIgniter->handleRequest(null, Object(Config\Cache), false)
13 FCPATH/index.php(79): CodeIgniter\CodeIgniter->run()
14 SYSTEMPATH/Commands/Server/rewrite.php(47): require_once('/Users/dylanrollins/Documents/GitHub/CSCE-310-TAMUCC-Student-Tracking-and-Reporting-Tool/public/index.php')
CRITICAL - 2023-12-06 23:15:47 --> Trying to access array offset on null
in APPPATH/Views/navbar.php on line 61.
 1 APPPATH/Views/navbar.php(61): CodeIgniter\Debug\Exceptions->errorHandler(2, 'Trying to access array offset on null', '/Users/dylanrollins/Documents/GitHub/CSCE-310-TAMUCC-Student-Tracking-and-Reporting-Tool/app/Views/navbar.php', 61)
 2 SYSTEMPATH/View/View.php(228): include('/Users/dylanrollins/Documents/GitHub/CSCE-310-TAMUCC-Student-Tracking-and-Reporting-Tool/app/Views/navbar.php')
 3 SYSTEMPATH/View/View.php(231): CodeIgniter\View\View->CodeIgniter\View\{closure}()
 4 SYSTEMPATH/View/View.php(469): CodeIgniter\View\View->render('navbar', null, true)
 5 APPPATH/Views/Progress_Search.php(12): CodeIgniter\View\View->include('navbar')
 6 SYSTEMPATH/View/View.php(228): include('/Users/dylanrollins/Documents/GitHub/CSCE-310-TAMUCC-Student-Tracking-and-Reporting-Tool/app/Views/Progress_Search.php')
 7 SYSTEMPATH/View/View.php(231): CodeIgniter\View\View->CodeIgniter\View\{closure}()
 8 SYSTEMPATH/Common.php(1190): CodeIgniter\View\View->render('Progress_Search', [], true)
 9 APPPATH/Controllers/ProgressSearchController.php(45): view('Progress_Search', [...])
10 SYSTEMPATH/CodeIgniter.php(942): App\Controllers\ProgressSearchController->mainProgressPage()
11 SYSTEMPATH/CodeIgniter.php(502): CodeIgniter\CodeIgniter->runController(Object(App\Controllers\ProgressSearchController))
12 SYSTEMPATH/CodeIgniter.php(361): CodeIgniter\CodeIgniter->handleRequest(null, Object(Config\Cache), false)
13 FCPATH/index.php(79): CodeIgniter\CodeIgniter->run()
14 SYSTEMPATH/Commands/Server/rewrite.php(47): require_once('/Users/dylanrollins/Documents/GitHub/CSCE-310-TAMUCC-Student-Tracking-and-Reporting-Tool/public/index.php')
CRITICAL - 2023-12-06 23:15:59 --> Trying to access array offset on null
in APPPATH/Views/navbar.php on line 61.
 1 APPPATH/Views/navbar.php(61): CodeIgniter\Debug\Exceptions->errorHandler(2, 'Trying to access array offset on null', '/Users/dylanrollins/Documents/GitHub/CSCE-310-TAMUCC-Student-Tracking-and-Reporting-Tool/app/Views/navbar.php', 61)
 2 SYSTEMPATH/View/View.php(228): include('/Users/dylanrollins/Documents/GitHub/CSCE-310-TAMUCC-Student-Tracking-and-Reporting-Tool/app/Views/navbar.php')
 3 SYSTEMPATH/View/View.php(231): CodeIgniter\View\View->CodeIgniter\View\{closure}()
 4 SYSTEMPATH/View/View.php(469): CodeIgniter\View\View->render('navbar', null, true)
 5 APPPATH/Views/Progress_Search.php(12): CodeIgniter\View\View->include('navbar')
 6 SYSTEMPATH/View/View.php(228): include('/Users/dylanrollins/Documents/GitHub/CSCE-310-TAMUCC-Student-Tracking-and-Reporting-Tool/app/Views/Progress_Search.php')
 7 SYSTEMPATH/View/View.php(231): CodeIgniter\View\View->CodeIgniter\View\{closure}()
 8 SYSTEMPATH/Common.php(1190): CodeIgniter\View\View->render('Progress_Search', [], true)
 9 APPPATH/Controllers/ProgressSearchController.php(45): view('Progress_Search', [...])
10 SYSTEMPATH/CodeIgniter.php(942): App\Controllers\ProgressSearchController->mainProgressPage()
11 SYSTEMPATH/CodeIgniter.php(502): CodeIgniter\CodeIgniter->runController(Object(App\Controllers\ProgressSearchController))
12 SYSTEMPATH/CodeIgniter.php(361): CodeIgniter\CodeIgniter->handleRequest(null, Object(Config\Cache), false)
13 FCPATH/index.php(79): CodeIgniter\CodeIgniter->run()
14 SYSTEMPATH/Commands/Server/rewrite.php(47): require_once('/Users/dylanrollins/Documents/GitHub/CSCE-310-TAMUCC-Student-Tracking-and-Reporting-Tool/public/index.php')
CRITICAL - 2023-12-06 23:17:54 --> Trying to access array offset on null
in APPPATH/Views/navbar.php on line 61.
 1 APPPATH/Views/navbar.php(61): CodeIgniter\Debug\Exceptions->errorHandler(2, 'Trying to access array offset on null', '/Users/dylanrollins/Documents/GitHub/CSCE-310-TAMUCC-Student-Tracking-and-Reporting-Tool/app/Views/navbar.php', 61)
 2 SYSTEMPATH/View/View.php(228): include('/Users/dylanrollins/Documents/GitHub/CSCE-310-TAMUCC-Student-Tracking-and-Reporting-Tool/app/Views/navbar.php')
 3 SYSTEMPATH/View/View.php(231): CodeIgniter\View\View->CodeIgniter\View\{closure}()
 4 SYSTEMPATH/View/View.php(469): CodeIgniter\View\View->render('navbar', null, true)
 5 APPPATH/Views/Progress_Search.php(12): CodeIgniter\View\View->include('navbar')
 6 SYSTEMPATH/View/View.php(228): include('/Users/dylanrollins/Documents/GitHub/CSCE-310-TAMUCC-Student-Tracking-and-Reporting-Tool/app/Views/Progress_Search.php')
 7 SYSTEMPATH/View/View.php(231): CodeIgniter\View\View->CodeIgniter\View\{closure}()
 8 SYSTEMPATH/Common.php(1190): CodeIgniter\View\View->render('Progress_Search', [], true)
 9 APPPATH/Controllers/ProgressSearchController.php(45): view('Progress_Search', [...])
10 SYSTEMPATH/CodeIgniter.php(942): App\Controllers\ProgressSearchController->mainProgressPage()
11 SYSTEMPATH/CodeIgniter.php(502): CodeIgniter\CodeIgniter->runController(Object(App\Controllers\ProgressSearchController))
12 SYSTEMPATH/CodeIgniter.php(361): CodeIgniter\CodeIgniter->handleRequest(null, Object(Config\Cache), false)
13 FCPATH/index.php(79): CodeIgniter\CodeIgniter->run()
14 SYSTEMPATH/Commands/Server/rewrite.php(47): require_once('/Users/dylanrollins/Documents/GitHub/CSCE-310-TAMUCC-Student-Tracking-and-Reporting-Tool/public/index.php')
CRITICAL - 2023-12-06 23:18:05 --> Trying to access array offset on null
in APPPATH/Views/navbar.php on line 61.
 1 APPPATH/Views/navbar.php(61): CodeIgniter\Debug\Exceptions->errorHandler(2, 'Trying to access array offset on null', '/Users/dylanrollins/Documents/GitHub/CSCE-310-TAMUCC-Student-Tracking-and-Reporting-Tool/app/Views/navbar.php', 61)
 2 SYSTEMPATH/View/View.php(228): include('/Users/dylanrollins/Documents/GitHub/CSCE-310-TAMUCC-Student-Tracking-and-Reporting-Tool/app/Views/navbar.php')
 3 SYSTEMPATH/View/View.php(231): CodeIgniter\View\View->CodeIgniter\View\{closure}()
 4 SYSTEMPATH/View/View.php(469): CodeIgniter\View\View->render('navbar', null, true)
 5 APPPATH/Views/Progress_Search.php(12): CodeIgniter\View\View->include('navbar')
 6 SYSTEMPATH/View/View.php(228): include('/Users/dylanrollins/Documents/GitHub/CSCE-310-TAMUCC-Student-Tracking-and-Reporting-Tool/app/Views/Progress_Search.php')
 7 SYSTEMPATH/View/View.php(231): CodeIgniter\View\View->CodeIgniter\View\{closure}()
 8 SYSTEMPATH/Common.php(1190): CodeIgniter\View\View->render('Progress_Search', [], true)
 9 APPPATH/Controllers/ProgressSearchController.php(45): view('Progress_Search', [...])
10 SYSTEMPATH/CodeIgniter.php(942): App\Controllers\ProgressSearchController->mainProgressPage()
11 SYSTEMPATH/CodeIgniter.php(502): CodeIgniter\CodeIgniter->runController(Object(App\Controllers\ProgressSearchController))
12 SYSTEMPATH/CodeIgniter.php(361): CodeIgniter\CodeIgniter->handleRequest(null, Object(Config\Cache), false)
13 FCPATH/index.php(79): CodeIgniter\CodeIgniter->run()
14 SYSTEMPATH/Commands/Server/rewrite.php(47): require_once('/Users/dylanrollins/Documents/GitHub/CSCE-310-TAMUCC-Student-Tracking-and-Reporting-Tool/public/index.php')
CRITICAL - 2023-12-06 23:18:06 --> Trying to access array offset on null
in APPPATH/Views/navbar.php on line 61.
 1 APPPATH/Views/navbar.php(61): CodeIgniter\Debug\Exceptions->errorHandler(2, 'Trying to access array offset on null', '/Users/dylanrollins/Documents/GitHub/CSCE-310-TAMUCC-Student-Tracking-and-Reporting-Tool/app/Views/navbar.php', 61)
 2 SYSTEMPATH/View/View.php(228): include('/Users/dylanrollins/Documents/GitHub/CSCE-310-TAMUCC-Student-Tracking-and-Reporting-Tool/app/Views/navbar.php')
 3 SYSTEMPATH/View/View.php(231): CodeIgniter\View\View->CodeIgniter\View\{closure}()
 4 SYSTEMPATH/View/View.php(469): CodeIgniter\View\View->render('navbar', null, true)
 5 APPPATH/Views/Progress_Search.php(12): CodeIgniter\View\View->include('navbar')
 6 SYSTEMPATH/View/View.php(228): include('/Users/dylanrollins/Documents/GitHub/CSCE-310-TAMUCC-Student-Tracking-and-Reporting-Tool/app/Views/Progress_Search.php')
 7 SYSTEMPATH/View/View.php(231): CodeIgniter\View\View->CodeIgniter\View\{closure}()
 8 SYSTEMPATH/Common.php(1190): CodeIgniter\View\View->render('Progress_Search', [], true)
 9 APPPATH/Controllers/ProgressSearchController.php(45): view('Progress_Search', [...])
10 SYSTEMPATH/CodeIgniter.php(942): App\Controllers\ProgressSearchController->mainProgressPage()
11 SYSTEMPATH/CodeIgniter.php(502): CodeIgniter\CodeIgniter->runController(Object(App\Controllers\ProgressSearchController))
12 SYSTEMPATH/CodeIgniter.php(361): CodeIgniter\CodeIgniter->handleRequest(null, Object(Config\Cache), false)
13 FCPATH/index.php(79): CodeIgniter\CodeIgniter->run()
14 SYSTEMPATH/Commands/Server/rewrite.php(47): require_once('/Users/dylanrollins/Documents/GitHub/CSCE-310-TAMUCC-Student-Tracking-and-Reporting-Tool/public/index.php')
